<?xml version="1.0" encoding="utf-8"?><testsuites name="pytest tests"><testsuite name="pytest" errors="0" failures="0" skipped="0" tests="8" time="0.795" timestamp="2026-02-03T07:25:25.187904+00:00" hostname="agent-env-44ef6a75-9019-4757-a58c-f7bbd6f7b13c"><testcase classname="backend.tests.test_monthly_services.TestMonthlyServicesAPI" name="test_get_all_monthly_services" time="0.097" /><testcase classname="backend.tests.test_monthly_services.TestMonthlyServicesAPI" name="test_get_monthly_services_with_filters" time="0.071" /><testcase classname="backend.tests.test_monthly_services.TestMonthlyServicesAPI" name="test_create_monthly_service_entry" time="0.158" /><testcase classname="backend.tests.test_monthly_services.TestMonthlyServicesAPI" name="test_delete_monthly_service_entry" time="0.069" /><testcase classname="backend.tests.test_monthly_services.TestMonthlyServicesAPI" name="test_delete_nonexistent_entry" time="0.045" /><testcase classname="backend.tests.test_monthly_services.TestMonthlyServicesAPI" name="test_bulk_delete_simulation" time="0.181" /><testcase classname="backend.tests.test_monthly_services.TestDoctorsAPI" name="test_get_all_doctors" time="0.035" /><testcase classname="backend.tests.test_monthly_services.TestServicesAPI" name="test_get_all_services" time="0.037" /></testsuite></testsuites>